<?xml version="1.0" encoding="UTF-8"?>
<!-- Generated by org.testng.reporters.JUnitXMLReporter -->
<testsuite hostname="DESKTOP-165ABPJ" name="Vendor Module" tests="1" failures="1" timestamp="12 Mar 2021 08:27:54 GMT" time="23.575" errors="0">
  <testcase name="vendor_SignIn" time="16.949" classname="com.kisaan.vendor.testcases.TC_11_Vendor_WithdrawNow_Paypal">
    <failure type="java.lang.AssertionError" message="Insufficient Balance displayed to the user expected [true] but found [false]">
      <![CDATA[java.lang.AssertionError: Insufficient Balance displayed to the user expected [true] but found [false]
	at com.kisaan.vendor.pageobjects.MyWithdraws_Page.verifySuccessMessage(MyWithdraws_Page.java:155)
	at com.kisaan.vendor.testcases.TC_11_Vendor_WithdrawNow_Paypal.vendor_SignIn(TC_11_Vendor_WithdrawNow_Paypal.java:44)
... Removed 27 stack frames]]>
    </failure>
  </testcase> <!-- vendor_SignIn -->
</testsuite> <!-- Vendor Module -->
